ECHO ÇÕ <OFF> Ç≈Ç∑ÅB
updating: Sut/ (260 bytes security) (stored 0%)
updating: Sut/GitHubAutoUpdater/ (260 bytes security) (stored 0%)
updating: Sut/GitHubAutoUpdater/GitHubAutoUpdater.config (172 bytes security) (deflated 58%)
updating: Sut/GitHubAutoUpdater/GitHubAutoUpdater.exe (172 bytes security) (deflated 81%)
updating: Sut/GitHubAutoUpdater/GitHubAutoUpdater.exe.config (172 bytes security) (deflated 25%)
updating: Sut/resource/ (260 bytes security) (stored 0%)
updating: Sut/resource/dbMetaInfoQuery/ (260 bytes security) (stored 0%)
updating: Sut/resource/dbMetaInfoQuery/MicrosoftAccess/ (260 bytes security) (stored 0%)
updating: Sut/resource/dbMetaInfoQuery/MicrosoftSqlServer/ (260 bytes security) (stored 0%)
updating: Sut/resource/dbMetaInfoQuery/MicrosoftSqlServer/microsoftsqlserver_column.sql (172 bytes security) (deflated 84%)
updating: Sut/resource/dbMetaInfoQuery/MicrosoftSqlServer/microsoftsqlserver_schema_list.sql (172 bytes security) (deflated 58%)
updating: Sut/resource/dbMetaInfoQuery/MicrosoftSqlServer/microsoftsqlserver_table.sql (172 bytes security) (deflated 55%)
updating: Sut/resource/dbMetaInfoQuery/MicrosoftSqlServer/microsoftsqlserver_table_cond_sl.sql (172 bytes security) (deflated 8%)
updating: Sut/resource/dbMetaInfoQuery/MicrosoftSqlServer/microsoftsqlserver_table_cond_t.sql (172 bytes security) (deflated 36%)
updating: Sut/resource/dbMetaInfoQuery/MicrosoftSqlServer/microsoftsqlserver_table_const.sql (172 bytes security) (deflated 74%)
updating: Sut/resource/dbMetaInfoQuery/MicrosoftSqlServer/microsoftsqlserver_table_const_cond_sl.sql (172 bytes security) (deflated 7%)
updating: Sut/resource/dbMetaInfoQuery/MicrosoftSqlServer/microsoftsqlserver_table_const_cond_t.sql (172 bytes security) (deflated 38%)
updating: Sut/resource/dbMetaInfoQuery/MySQL/ (260 bytes security) (stored 0%)
updating: Sut/resource/dbMetaInfoQuery/MySQL/mysql_column.sql (172 bytes security) (deflated 63%)
updating: Sut/resource/dbMetaInfoQuery/MySQL/mysql_schema_list.sql (172 bytes security) (deflated 37%)
updating: Sut/resource/dbMetaInfoQuery/MySQL/mysql_table.sql (172 bytes security) (deflated 45%)
updating: Sut/resource/dbMetaInfoQuery/MySQL/mysql_table_cond_sl.sql (172 bytes security) (stored 0%)
updating: Sut/resource/dbMetaInfoQuery/MySQL/mysql_table_cond_t.sql (172 bytes security) (deflated 19%)
updating: Sut/resource/dbMetaInfoQuery/MySQL/mysql_table_const.sql (172 bytes security) (deflated 75%)
updating: Sut/resource/dbMetaInfoQuery/MySQL/mysql_table_const_cond_sl.sql (172 bytes security) (deflated 7%)
updating: Sut/resource/dbMetaInfoQuery/MySQL/mysql_table_const_cond_t.sql (172 bytes security) (deflated 38%)
updating: Sut/resource/dbMetaInfoQuery/Oracle/ (260 bytes security) (stored 0%)
updating: Sut/resource/dbMetaInfoQuery/Oracle/oracle_column.sql (172 bytes security) (deflated 61%)
updating: Sut/resource/dbMetaInfoQuery/Oracle/oracle_schema_list.sql (172 bytes security) (deflated 21%)
updating: Sut/resource/dbMetaInfoQuery/Oracle/oracle_table.sql (172 bytes security) (deflated 46%)
updating: Sut/resource/dbMetaInfoQuery/Oracle/oracle_table_cond_sl.sql (172 bytes security) (stored 0%)
updating: Sut/resource/dbMetaInfoQuery/Oracle/oracle_table_cond_t.sql (172 bytes security) (deflated 26%)
updating: Sut/resource/dbMetaInfoQuery/Oracle/oracle_table_const.sql (172 bytes security) (deflated 76%)
updating: Sut/resource/dbMetaInfoQuery/Oracle/oracle_table_const_cond_sl.sql (172 bytes security) (stored 0%)
updating: Sut/resource/dbMetaInfoQuery/Oracle/oracle_table_const_cond_t.sql (172 bytes security) (deflated 29%)
updating: Sut/resource/dbMetaInfoQuery/PostgreSQL/ (260 bytes security) (stored 0%)
updating: Sut/resource/dbMetaInfoQuery/PostgreSQL/postgresql_column.sql (172 bytes security) (deflated 82%)
updating: Sut/resource/dbMetaInfoQuery/PostgreSQL/postgresql_schema_list.sql (172 bytes security) (deflated 41%)
updating: Sut/resource/dbMetaInfoQuery/PostgreSQL/postgresql_table.sql (172 bytes security) (deflated 66%)
updating: Sut/resource/dbMetaInfoQuery/PostgreSQL/postgresql_table_cond_sl.sql (172 bytes security) (deflated 8%)
updating: Sut/resource/dbMetaInfoQuery/PostgreSQL/postgresql_table_cond_t.sql (172 bytes security) (deflated 36%)
updating: Sut/resource/dbMetaInfoQuery/PostgreSQL/postgresql_table_const.sql (172 bytes security) (deflated 78%)
updating: Sut/resource/dbMetaInfoQuery/PostgreSQL/postgresql_table_const_cond_sl.sql (172 bytes security) (deflated 7%)
updating: Sut/resource/dbMetaInfoQuery/PostgreSQL/postgresql_table_const_cond_t.sql (172 bytes security) (deflated 38%)
updating: Sut/resource/dbMetaInfoQuery/Symfoware/ (260 bytes security) (stored 0%)
updating: Sut/resource/dbMetaInfoQuery/Symfoware/symfoware_column.sql (172 bytes security) (deflated 80%)
updating: Sut/resource/dbMetaInfoQuery/Symfoware/symfoware_schema_list.sql (172 bytes security) (deflated 62%)
updating: Sut/resource/dbMetaInfoQuery/Symfoware/symfoware_table.sql (172 bytes security) (deflated 62%)
updating: Sut/resource/dbMetaInfoQuery/Symfoware/symfoware_table_cond_sl.sql (172 bytes security) (deflated 6%)
updating: Sut/resource/dbMetaInfoQuery/Symfoware/symfoware_table_cond_t.sql (172 bytes security) (deflated 30%)
updating: Sut/resource/dbMetaInfoQuery/Symfoware/symfoware_table_const.sql (172 bytes security) (deflated 76%)
updating: Sut/resource/dbMetaInfoQuery/Symfoware/symfoware_table_const_cond_sl.sql (172 bytes security) (deflated 6%)
updating: Sut/resource/dbMetaInfoQuery/Symfoware/symfoware_table_const_cond_t.sql (172 bytes security) (deflated 30%)
updating: Sut/resource/icon/ (260 bytes security) (stored 0%)
updating: Sut/resource/icon/AddFile_16x16.bmp (172 bytes security) (deflated 31%)
updating: Sut/resource/icon/AddFile_16x16_mask.bmp (172 bytes security) (deflated 90%)
updating: Sut/resource/icon/AddFolder2_16x16.bmp (172 bytes security) (deflated 29%)
updating: Sut/resource/icon/AddFolder2_16x16_mask.bmp (172 bytes security) (deflated 90%)
updating: Sut/resource/icon/AddFolder_16x16.bmp (172 bytes security) (deflated 24%)
updating: Sut/resource/icon/AddFolder_16x16_mask.bmp (172 bytes security) (deflated 68%)
updating: Sut/resource/icon/Add_16x16.bmp (172 bytes security) (deflated 21%)
updating: Sut/resource/icon/Add_16x16_mask.bmp (172 bytes security) (deflated 61%)
updating: Sut/resource/icon/AlertMessage_16x16.bmp (172 bytes security) (deflated 17%)
updating: Sut/resource/icon/AlertMessage_16x16_mask.bmp (172 bytes security) (deflated 66%)
updating: Sut/resource/icon/Alert_16x16.bmp (172 bytes security) (deflated 45%)
updating: Sut/resource/icon/Alert_16x16_mask.bmp (172 bytes security) (deflated 67%)
updating: Sut/resource/icon/AreaAdd_16x16.bmp (172 bytes security) (deflated 20%)
updating: Sut/resource/icon/AreaAdd_16x16_mask.bmp (172 bytes security) (deflated 91%)
updating: Sut/resource/icon/AreaEdit_16x16.bmp (172 bytes security) (deflated 50%)
updating: Sut/resource/icon/AreaEdit_16x16_mask.bmp (172 bytes security) (deflated 91%)
updating: Sut/resource/icon/AreaRemove_16x16.bmp (172 bytes security) (deflated 34%)
updating: Sut/resource/icon/AreaRemove_16x16_mask.bmp (172 bytes security) (deflated 91%)
updating: Sut/resource/icon/AreaSearch_16x16.bmp (172 bytes security) (deflated 46%)
updating: Sut/resource/icon/AreaSearch_16x16_mask.bmp (172 bytes security) (deflated 89%)
updating: Sut/resource/icon/Book_16x16.bmp (172 bytes security) (deflated 37%)
updating: Sut/resource/icon/Book_16x16_mask.bmp (172 bytes security) (deflated 73%)
updating: Sut/resource/icon/Bug_16x16.bmp (172 bytes security) (deflated 26%)
updating: Sut/resource/icon/Bug_16x16_mask.bmp (172 bytes security) (deflated 92%)
updating: Sut/resource/icon/ButtonHelp_16x16.bmp (172 bytes security) (deflated 10%)
updating: Sut/resource/icon/ButtonHelp_16x16_mask.bmp (172 bytes security) (deflated 71%)
updating: Sut/resource/icon/Camera_16x16.bmp (172 bytes security) (deflated 76%)
updating: Sut/resource/icon/Camera_16x16.png (172 bytes security) (stored 0%)
updating: Sut/resource/icon/Camera_16x16_mask.bmp (172 bytes security) (deflated 92%)
updating: Sut/resource/icon/DatabaseSearch_16x16.bmp (172 bytes security) (deflated 18%)
updating: Sut/resource/icon/DatabaseSearch_16x16_mask.bmp (172 bytes security) (deflated 91%)
updating: Sut/resource/icon/DatabaseSettings_16x16.bmp (172 bytes security) (deflated 23%)
updating: Sut/resource/icon/DatabaseSettings_16x16_mask.bmp (172 bytes security) (deflated 62%)
updating: Sut/resource/icon/Database_16x16.bmp (172 bytes security) (deflated 26%)
updating: Sut/resource/icon/Database_16x16_mask.bmp (172 bytes security) (deflated 74%)
updating: Sut/resource/icon/DeleteDatabase_16x16.bmp (172 bytes security) (deflated 17%)
updating: Sut/resource/icon/DeleteDatabase_16x16_mask.bmp (172 bytes security) (deflated 69%)
updating: Sut/resource/icon/Delete_16x16.bmp (172 bytes security) (deflated 52%)
updating: Sut/resource/icon/Delete_16x16_mask.bmp (172 bytes security) (deflated 71%)
updating: Sut/resource/icon/Devil_16x16.bmp (172 bytes security) (deflated 23%)
updating: Sut/resource/icon/Devil_16x16_mask.bmp (172 bytes security) (deflated 62%)
updating: Sut/resource/icon/Edit_16x16.bmp (172 bytes security) (deflated 52%)
updating: Sut/resource/icon/Edit_16x16_mask.bmp (172 bytes security) (deflated 71%)
updating: Sut/resource/icon/FlagBlue_16x16.bmp (172 bytes security) (deflated 48%)
updating: Sut/resource/icon/FlagBlue_16x16_mask.bmp (172 bytes security) (deflated 91%)
updating: Sut/resource/icon/FlagGreen_16x16.bmp (172 bytes security) (deflated 46%)
updating: Sut/resource/icon/FlagGreen_16x16_mask.bmp (172 bytes security) (deflated 90%)
updating: Sut/resource/icon/FlagRed_16x16.bmp (172 bytes security) (deflated 49%)
updating: Sut/resource/icon/FlagRed_16x16_mask.bmp (172 bytes security) (deflated 91%)
updating: Sut/resource/icon/Forward_16x16.bmp (172 bytes security) (deflated 38%)
updating: Sut/resource/icon/Forward_16x16_mask.bmp (172 bytes security) (deflated 91%)
updating: Sut/resource/icon/NoteCheck_16x16.bmp (172 bytes security) (deflated 80%)
updating: Sut/resource/icon/NoteCheck_16x16.png (172 bytes security) (stored 0%)
updating: Sut/resource/icon/NoteCheck_16x16_mask.bmp (172 bytes security) (deflated 93%)
updating: Sut/resource/icon/Paste_16x16.bmp (172 bytes security) (deflated 56%)
updating: Sut/resource/icon/Paste_16x16_mask.bmp (172 bytes security) (deflated 92%)
updating: Sut/resource/icon/Remove_16x16.bmp (172 bytes security) (deflated 34%)
updating: Sut/resource/icon/Remove_16x16_mask.bmp (172 bytes security) (deflated 64%)
updating: Sut/resource/icon/Run_16x16.bmp (172 bytes security) (deflated 18%)
updating: Sut/resource/icon/Run_16x16_mask.bmp (172 bytes security) (deflated 62%)
updating: Sut/resource/icon/SaveAs_16x16.bmp (172 bytes security) (deflated 32%)
updating: Sut/resource/icon/SaveAs_16x16_mask.bmp (172 bytes security) (deflated 73%)
updating: Sut/resource/icon/SearchWindow_16x16.bmp (172 bytes security) (deflated 38%)
updating: Sut/resource/icon/SearchWindow_16x16_mask.bmp (172 bytes security) (deflated 71%)
updating: Sut/resource/icon/Search_16x16.bmp (172 bytes security) (deflated 51%)
updating: Sut/resource/icon/Search_16x16_mask.bmp (172 bytes security) (deflated 47%)
updating: Sut/resource/icon/Settings_16x16.bmp (172 bytes security) (deflated 43%)
updating: Sut/resource/icon/Settings_16x16_mask.bmp (172 bytes security) (deflated 63%)
updating: Sut/resource/icon/Smile_16x16.bmp (172 bytes security) (deflated 14%)
updating: Sut/resource/icon/Smile_16x16_mask.bmp (172 bytes security) (deflated 65%)
updating: Sut/resource/icon/WindowImport_16x16.bmp (172 bytes security) (deflated 46%)
updating: Sut/resource/icon/WindowImport_16x16_mask.bmp (172 bytes security) (deflated 75%)
updating: Sut/Sut.xlam (172 bytes security) (deflated 1%)
updating: Sut/SutInstaller-Excel.prop (172 bytes security) (deflated 48%)
updating: Sut/SutInstaller.exe (172 bytes security) (deflated 49%)
updating: Sut/SutUpdate.bat (172 bytes security) (deflated 69%)
