ECHO ÇÕ <OFF> Ç≈Ç∑ÅB
  adding: Sut/ (260 bytes security) (stored 0%)
  adding: Sut/GitHubAutoUpdater/ (260 bytes security) (stored 0%)
  adding: Sut/GitHubAutoUpdater/GitHubAutoUpdater.config (172 bytes security) (deflated 58%)
  adding: Sut/GitHubAutoUpdater/GitHubAutoUpdater.exe (172 bytes security) (deflated 81%)
  adding: Sut/GitHubAutoUpdater/GitHubAutoUpdater.exe.config (172 bytes security) (deflated 25%)
  adding: Sut/resource/ (260 bytes security) (stored 0%)
  adding: Sut/resource/dbMetaInfoQuery/ (260 bytes security) (stored 0%)
  adding: Sut/resource/dbMetaInfoQuery/MicrosoftAccess/ (260 bytes security) (stored 0%)
  adding: Sut/resource/dbMetaInfoQuery/MicrosoftSqlServer/ (260 bytes security) (stored 0%)
  adding: Sut/resource/dbMetaInfoQuery/MicrosoftSqlServer/microsoftsqlserver_column.sql (172 bytes security) (deflated 84%)
  adding: Sut/resource/dbMetaInfoQuery/MicrosoftSqlServer/microsoftsqlserver_schema_list.sql (172 bytes security) (deflated 58%)
  adding: Sut/resource/dbMetaInfoQuery/MicrosoftSqlServer/microsoftsqlserver_table.sql (172 bytes security) (deflated 55%)
  adding: Sut/resource/dbMetaInfoQuery/MicrosoftSqlServer/microsoftsqlserver_table_cond_sl.sql (172 bytes security) (deflated 8%)
  adding: Sut/resource/dbMetaInfoQuery/MicrosoftSqlServer/microsoftsqlserver_table_cond_t.sql (172 bytes security) (deflated 36%)
  adding: Sut/resource/dbMetaInfoQuery/MicrosoftSqlServer/microsoftsqlserver_table_const.sql (172 bytes security) (deflated 74%)
  adding: Sut/resource/dbMetaInfoQuery/MicrosoftSqlServer/microsoftsqlserver_table_const_cond_sl.sql (172 bytes security) (deflated 7%)
  adding: Sut/resource/dbMetaInfoQuery/MicrosoftSqlServer/microsoftsqlserver_table_const_cond_t.sql (172 bytes security) (deflated 38%)
  adding: Sut/resource/dbMetaInfoQuery/MySQL/ (260 bytes security) (stored 0%)
  adding: Sut/resource/dbMetaInfoQuery/MySQL/mysql_column.sql (172 bytes security) (deflated 63%)
  adding: Sut/resource/dbMetaInfoQuery/MySQL/mysql_schema_list.sql (172 bytes security) (deflated 37%)
  adding: Sut/resource/dbMetaInfoQuery/MySQL/mysql_table.sql (172 bytes security) (deflated 45%)
  adding: Sut/resource/dbMetaInfoQuery/MySQL/mysql_table_cond_sl.sql (172 bytes security) (stored 0%)
  adding: Sut/resource/dbMetaInfoQuery/MySQL/mysql_table_cond_t.sql (172 bytes security) (deflated 19%)
  adding: Sut/resource/dbMetaInfoQuery/MySQL/mysql_table_const.sql (172 bytes security) (deflated 75%)
  adding: Sut/resource/dbMetaInfoQuery/MySQL/mysql_table_const_cond_sl.sql (172 bytes security) (deflated 7%)
  adding: Sut/resource/dbMetaInfoQuery/MySQL/mysql_table_const_cond_t.sql (172 bytes security) (deflated 38%)
  adding: Sut/resource/dbMetaInfoQuery/Oracle/ (260 bytes security) (stored 0%)
  adding: Sut/resource/dbMetaInfoQuery/Oracle/oracle_column.sql (172 bytes security) (deflated 61%)
  adding: Sut/resource/dbMetaInfoQuery/Oracle/oracle_schema_list.sql (172 bytes security) (deflated 21%)
  adding: Sut/resource/dbMetaInfoQuery/Oracle/oracle_table.sql (172 bytes security) (deflated 46%)
  adding: Sut/resource/dbMetaInfoQuery/Oracle/oracle_table_cond_sl.sql (172 bytes security) (stored 0%)
  adding: Sut/resource/dbMetaInfoQuery/Oracle/oracle_table_cond_t.sql (172 bytes security) (deflated 26%)
  adding: Sut/resource/dbMetaInfoQuery/Oracle/oracle_table_const.sql (172 bytes security) (deflated 76%)
  adding: Sut/resource/dbMetaInfoQuery/Oracle/oracle_table_const_cond_sl.sql (172 bytes security) (stored 0%)
  adding: Sut/resource/dbMetaInfoQuery/Oracle/oracle_table_const_cond_t.sql (172 bytes security) (deflated 29%)
  adding: Sut/resource/dbMetaInfoQuery/PostgreSQL/ (260 bytes security) (stored 0%)
  adding: Sut/resource/dbMetaInfoQuery/PostgreSQL/postgresql_column.sql (172 bytes security) (deflated 82%)
  adding: Sut/resource/dbMetaInfoQuery/PostgreSQL/postgresql_schema_list.sql (172 bytes security) (deflated 41%)
  adding: Sut/resource/dbMetaInfoQuery/PostgreSQL/postgresql_table.sql (172 bytes security) (deflated 66%)
  adding: Sut/resource/dbMetaInfoQuery/PostgreSQL/postgresql_table_cond_sl.sql (172 bytes security) (deflated 8%)
  adding: Sut/resource/dbMetaInfoQuery/PostgreSQL/postgresql_table_cond_t.sql (172 bytes security) (deflated 36%)
  adding: Sut/resource/dbMetaInfoQuery/PostgreSQL/postgresql_table_const.sql (172 bytes security) (deflated 78%)
  adding: Sut/resource/dbMetaInfoQuery/PostgreSQL/postgresql_table_const_cond_sl.sql (172 bytes security) (deflated 7%)
  adding: Sut/resource/dbMetaInfoQuery/PostgreSQL/postgresql_table_const_cond_t.sql (172 bytes security) (deflated 38%)
  adding: Sut/resource/dbMetaInfoQuery/Symfoware/ (260 bytes security) (stored 0%)
  adding: Sut/resource/dbMetaInfoQuery/Symfoware/symfoware_column.sql (172 bytes security) (deflated 80%)
  adding: Sut/resource/dbMetaInfoQuery/Symfoware/symfoware_schema_list.sql (172 bytes security) (deflated 62%)
  adding: Sut/resource/dbMetaInfoQuery/Symfoware/symfoware_table.sql (172 bytes security) (deflated 62%)
  adding: Sut/resource/dbMetaInfoQuery/Symfoware/symfoware_table_cond_sl.sql (172 bytes security) (deflated 6%)
  adding: Sut/resource/dbMetaInfoQuery/Symfoware/symfoware_table_cond_t.sql (172 bytes security) (deflated 30%)
  adding: Sut/resource/dbMetaInfoQuery/Symfoware/symfoware_table_const.sql (172 bytes security) (deflated 76%)
  adding: Sut/resource/dbMetaInfoQuery/Symfoware/symfoware_table_const_cond_sl.sql (172 bytes security) (deflated 6%)
  adding: Sut/resource/dbMetaInfoQuery/Symfoware/symfoware_table_const_cond_t.sql (172 bytes security) (deflated 30%)
  adding: Sut/resource/icon/ (260 bytes security) (stored 0%)
  adding: Sut/resource/icon/AddFile_16x16.bmp (172 bytes security) (deflated 31%)
  adding: Sut/resource/icon/AddFile_16x16_mask.bmp (172 bytes security) (deflated 90%)
  adding: Sut/resource/icon/AddFolder2_16x16.bmp (172 bytes security) (deflated 29%)
  adding: Sut/resource/icon/AddFolder2_16x16_mask.bmp (172 bytes security) (deflated 90%)
  adding: Sut/resource/icon/AddFolder_16x16.bmp (172 bytes security) (deflated 24%)
  adding: Sut/resource/icon/AddFolder_16x16_mask.bmp (172 bytes security) (deflated 68%)
  adding: Sut/resource/icon/Add_16x16.bmp (172 bytes security) (deflated 21%)
  adding: Sut/resource/icon/Add_16x16_mask.bmp (172 bytes security) (deflated 61%)
  adding: Sut/resource/icon/AlertMessage_16x16.bmp (172 bytes security) (deflated 17%)
  adding: Sut/resource/icon/AlertMessage_16x16_mask.bmp (172 bytes security) (deflated 66%)
  adding: Sut/resource/icon/Alert_16x16.bmp (172 bytes security) (deflated 45%)
  adding: Sut/resource/icon/Alert_16x16_mask.bmp (172 bytes security) (deflated 67%)
  adding: Sut/resource/icon/AreaAdd_16x16.bmp (172 bytes security) (deflated 20%)
  adding: Sut/resource/icon/AreaAdd_16x16_mask.bmp (172 bytes security) (deflated 91%)
  adding: Sut/resource/icon/AreaEdit_16x16.bmp (172 bytes security) (deflated 50%)
  adding: Sut/resource/icon/AreaEdit_16x16_mask.bmp (172 bytes security) (deflated 91%)
  adding: Sut/resource/icon/AreaRemove_16x16.bmp (172 bytes security) (deflated 34%)
  adding: Sut/resource/icon/AreaRemove_16x16_mask.bmp (172 bytes security) (deflated 91%)
  adding: Sut/resource/icon/AreaSearch_16x16.bmp (172 bytes security) (deflated 46%)
  adding: Sut/resource/icon/AreaSearch_16x16_mask.bmp (172 bytes security) (deflated 89%)
  adding: Sut/resource/icon/Book_16x16.bmp (172 bytes security) (deflated 37%)
  adding: Sut/resource/icon/Book_16x16_mask.bmp (172 bytes security) (deflated 73%)
  adding: Sut/resource/icon/Bug_16x16.bmp (172 bytes security) (deflated 26%)
  adding: Sut/resource/icon/Bug_16x16_mask.bmp (172 bytes security) (deflated 92%)
  adding: Sut/resource/icon/ButtonHelp_16x16.bmp (172 bytes security) (deflated 10%)
  adding: Sut/resource/icon/ButtonHelp_16x16_mask.bmp (172 bytes security) (deflated 71%)
  adding: Sut/resource/icon/Camera_16x16.bmp (172 bytes security) (deflated 76%)
  adding: Sut/resource/icon/Camera_16x16.png (172 bytes security) (stored 0%)
  adding: Sut/resource/icon/Camera_16x16_mask.bmp (172 bytes security) (deflated 92%)
  adding: Sut/resource/icon/DatabaseSearch_16x16.bmp (172 bytes security) (deflated 18%)
  adding: Sut/resource/icon/DatabaseSearch_16x16_mask.bmp (172 bytes security) (deflated 91%)
  adding: Sut/resource/icon/DatabaseSettings_16x16.bmp (172 bytes security) (deflated 23%)
  adding: Sut/resource/icon/DatabaseSettings_16x16_mask.bmp (172 bytes security) (deflated 62%)
  adding: Sut/resource/icon/Database_16x16.bmp (172 bytes security) (deflated 26%)
  adding: Sut/resource/icon/Database_16x16_mask.bmp (172 bytes security) (deflated 74%)
  adding: Sut/resource/icon/DeleteDatabase_16x16.bmp (172 bytes security) (deflated 17%)
  adding: Sut/resource/icon/DeleteDatabase_16x16_mask.bmp (172 bytes security) (deflated 69%)
  adding: Sut/resource/icon/Delete_16x16.bmp (172 bytes security) (deflated 52%)
  adding: Sut/resource/icon/Delete_16x16_mask.bmp (172 bytes security) (deflated 71%)
  adding: Sut/resource/icon/Devil_16x16.bmp (172 bytes security) (deflated 23%)
  adding: Sut/resource/icon/Devil_16x16_mask.bmp (172 bytes security) (deflated 62%)
  adding: Sut/resource/icon/Edit_16x16.bmp (172 bytes security) (deflated 52%)
  adding: Sut/resource/icon/Edit_16x16_mask.bmp (172 bytes security) (deflated 71%)
  adding: Sut/resource/icon/FlagBlue_16x16.bmp (172 bytes security) (deflated 48%)
  adding: Sut/resource/icon/FlagBlue_16x16_mask.bmp (172 bytes security) (deflated 91%)
  adding: Sut/resource/icon/FlagGreen_16x16.bmp (172 bytes security) (deflated 46%)
  adding: Sut/resource/icon/FlagGreen_16x16_mask.bmp (172 bytes security) (deflated 90%)
  adding: Sut/resource/icon/FlagRed_16x16.bmp (172 bytes security) (deflated 49%)
  adding: Sut/resource/icon/FlagRed_16x16_mask.bmp (172 bytes security) (deflated 91%)
  adding: Sut/resource/icon/Forward_16x16.bmp (172 bytes security) (deflated 38%)
  adding: Sut/resource/icon/Forward_16x16_mask.bmp (172 bytes security) (deflated 91%)
  adding: Sut/resource/icon/NoteCheck_16x16.bmp (172 bytes security) (deflated 80%)
  adding: Sut/resource/icon/NoteCheck_16x16.png (172 bytes security) (stored 0%)
  adding: Sut/resource/icon/NoteCheck_16x16_mask.bmp (172 bytes security) (deflated 93%)
  adding: Sut/resource/icon/Paste_16x16.bmp (172 bytes security) (deflated 56%)
  adding: Sut/resource/icon/Paste_16x16_mask.bmp (172 bytes security) (deflated 92%)
  adding: Sut/resource/icon/Remove_16x16.bmp (172 bytes security) (deflated 34%)
  adding: Sut/resource/icon/Remove_16x16_mask.bmp (172 bytes security) (deflated 64%)
  adding: Sut/resource/icon/Run_16x16.bmp (172 bytes security) (deflated 18%)
  adding: Sut/resource/icon/Run_16x16_mask.bmp (172 bytes security) (deflated 62%)
  adding: Sut/resource/icon/SaveAs_16x16.bmp (172 bytes security) (deflated 32%)
  adding: Sut/resource/icon/SaveAs_16x16_mask.bmp (172 bytes security) (deflated 73%)
  adding: Sut/resource/icon/SearchWindow_16x16.bmp (172 bytes security) (deflated 38%)
  adding: Sut/resource/icon/SearchWindow_16x16_mask.bmp (172 bytes security) (deflated 71%)
  adding: Sut/resource/icon/Search_16x16.bmp (172 bytes security) (deflated 51%)
  adding: Sut/resource/icon/Search_16x16_mask.bmp (172 bytes security) (deflated 47%)
  adding: Sut/resource/icon/Settings_16x16.bmp (172 bytes security) (deflated 43%)
  adding: Sut/resource/icon/Settings_16x16_mask.bmp (172 bytes security) (deflated 63%)
  adding: Sut/resource/icon/Smile_16x16.bmp (172 bytes security) (deflated 14%)
  adding: Sut/resource/icon/Smile_16x16_mask.bmp (172 bytes security) (deflated 65%)
  adding: Sut/resource/icon/WindowImport_16x16.bmp (172 bytes security) (deflated 46%)
  adding: Sut/resource/icon/WindowImport_16x16_mask.bmp (172 bytes security) (deflated 75%)
  adding: Sut/Sut.xlam (172 bytes security) (deflated 1%)
  adding: Sut/SutInstaller-Excel.prop (172 bytes security) (deflated 48%)
  adding: Sut/SutInstaller.exe (172 bytes security) (deflated 49%)
  adding: Sut/SutUpdate.bat (172 bytes security) (deflated 69%)
