ECHO は <OFF> です。
        1 個のファイルをコピーしました。

-------------------------------------------------------------------------------
   ROBOCOPY     ::     Windows の堅牢性の高いファイル コピー                              
-------------------------------------------------------------------------------

  開始: 2020年2月21日 15:16:47
   コピー元 : D:\documents\sut_v2\repos\source\vba\src\resource\
     コピー先 : D:\documents\sut_v2\repos\dist\Sut\resource\

    ファイル: *.*
	    
 除外ディレクトリ: config
	    
  オプション: *.* /S /E /DCOPY:DA /COPY:DAT /PURGE /MIR /R:1000000 /W:30 

------------------------------------------------------------------------------

	                   0	D:\documents\sut_v2\repos\source\vba\src\resource\
	                   0	D:\documents\sut_v2\repos\source\vba\src\resource\dbMetaInfoQuery\
	                   0	D:\documents\sut_v2\repos\source\vba\src\resource\dbMetaInfoQuery\MicrosoftAccess\
	                   8	D:\documents\sut_v2\repos\source\vba\src\resource\dbMetaInfoQuery\MicrosoftSqlServer\
	                   8	D:\documents\sut_v2\repos\source\vba\src\resource\dbMetaInfoQuery\MySQL\
	                   8	D:\documents\sut_v2\repos\source\vba\src\resource\dbMetaInfoQuery\Oracle\
	                   8	D:\documents\sut_v2\repos\source\vba\src\resource\dbMetaInfoQuery\PostgreSQL\
	                   8	D:\documents\sut_v2\repos\source\vba\src\resource\dbMetaInfoQuery\Symfoware\
	                  72	D:\documents\sut_v2\repos\source\vba\src\resource\icon\

------------------------------------------------------------------------------

                  合計     コピー済み      スキップ       不一致        失敗    Extras
   ディレクトリ:        10         0        10         0         0         0
     ファイル:       112         0       112         0         0         0
      バイト:    88.8 k         0    88.8 k         0         0         0
       時刻:   0:00:00   0:00:00                       0:00:00   0:00:00
   終了: 2020年2月21日 15:16:47

